0
4
7
9
10
1
2
3
5
11
12
13
6
8
14
15
16
17
18
19
20
22
24
25
27
28
30
23
29
26
21
31
0
3
4
7
8
1
2
5
6
11
12
14
16
9
17
18
19
10
13
15
20
22
25
26
27
21
23
24
29
30
31
1
2
4
5
0
3
28
6
7
10
11
12
15
16
17
8
13
18
14
9
20
21
22
23
25
28
19
24
29
30
0
1
3
31
2
26
27
5
9
10
11
12
13
4
6
7
8
15
16
18
19
20
23
14
17
21
25
22
26
27
29
30
31
1
24
28
0
4
5
2
3
6
7
8
10
11
12
14
15
16
18
9
13
17
19
20
21
23
24
27
28
30
22
25
31
1
2
26
29
0
3
6
7
8
9
10
11
12
13
4
5
14
15
18
19
20
22
23
24
25
16
17
21
26
27
29
31
0
1
2
4
5
28
3
7
6
30
8
9
10
11
12
13
