0
2
4
6
7
8
9
10
1
2
3
5
11
12
13
14
15
6
8
14
15
16
17
18
19
20
22
24
25
27
28
29
30
21
23
29
21
26
21
31
0
3
4
5
7
8
1
2
5
6
9
10
11
12
14
15
16
9
10
13
17
18
19
10
13
15
20
22
23
25
26
27
29
30
21
23
24
28
29
30
31
1
2
4
5
28
0
3
28
28
6
7
8
10
11
12
15
16
17
8
13
18
9
14
9
19
20
21
22
23
25
26
28
19
24
29
30
31
0
1
3
26
27
31
2
26
27
4
5
6
9
10
11
12
13
4
6
7
8
14
15
16
17
18
19
20
21
22
23
14
17
21
25
26
22
26
27
29
30
31
1
24
28
0
2
3
4
5
2
3
6
7
8
10
11
12
14
15
16
18
9
13
17
19
20
21
22
23
24
25
26
27
28
30
31
22
25
29
31
1
2
3
26
29
0
0
3
6
7
8
9
10
11
12
13
4
5
5
14
15
16
18
19
20
21
22
23
24
25
16
17
21
26
27
29
31
0
1
2
3
4
5
28
3
6
7
6
30
30
8
9
10
11
12
13
13
